<?xml version="1.0" encoding="UTF-8"?>
<testsuite xmlns:xsi="http://www.w3.org/2001/XMLSchema-instance" xsi:noNamespaceSchemaLocation="https://maven.apache.org/surefire/maven-surefire-plugin/xsd/surefire-test-report-3.0.xsd" version="3.0" name="TestSuite" time="22.655" tests="20" errors="0" skipped="10" failures="10">
  <properties>
[...]
</properties>
  <testcase name="setUP" classname="com.hrms.testcases.addEmployeeTest" time="6.17">
    <failure message="session not created: This version of ChromeDriver only supports Chrome version 83&#10;Build info: version: &apos;3.141.59&apos;, revision: &apos;e82be7d358&apos;, time: &apos;2018-11-14T08:17:03&apos;&#10;System info: host: &apos;LAPTOP-J49C07QH&apos;, ip: &apos;192.168.200.3&apos;, os.name: &apos;Windows 10&apos;, os.arch: &apos;amd64&apos;, os.version: &apos;10.0&apos;, java.version: &apos;1.8.0_241&apos;&#10;Driver info: driver.version: ChromeDriver&#10;remote stacktrace: Backtrace:&#10;	Ordinal0 [0x00F69563+2725219]&#10;	Ordinal0 [0x00E68551+1672529]&#10;	Ordinal0 [0x00D50359+525145]&#10;	Ordinal0 [0x00CE0B77+68471]&#10;	Ordinal0 [0x00CDD32C+54060]&#10;	Ordinal0 [0x00CFCC37+183351]&#10;	Ordinal0 [0x00CFCA3D+182845]&#10;	Ordinal0 [0x00CFA94B+174411]&#10;	Ordinal0 [0x00CE2528+75048]&#10;	Ordinal0 [0x00CE35A0+79264]&#10;	Ordinal0 [0x00CE3539+79161]&#10;	Ordinal0 [0x00E7D607+1758727]&#10;	GetHandleVerifier [0x01086546+1050150]&#10;	GetHandleVerifier [0x01086291+1049457]&#10;	GetHandleVerifier [0x010910D7+1094071]&#10;	GetHandleVerifier [0x01086B46+1051686]&#10;	Ordinal0 [0x00E75B06+1727238]&#10;	Ordinal0 [0x00E7EB7B+1764219]&#10;	Ordinal0 [0x00E7ECE3+1764579]&#10;	Ordinal0 [0x00E94C05+1854469]&#10;	BaseThreadInitThunk [0x75AF6359+25]&#10;	RtlGetAppContainerNamedObjectPath [0x77977C24+228]&#10;	RtlGetAppContainerNamedObjectPath [0x77977BF4+180]&#10;" type="org.openqa.selenium.SessionNotCreatedException"><![CDATA[org.openqa.selenium.SessionNotCreatedException: 
session not created: This version of ChromeDriver only supports Chrome version 83
Build info: version: '3.141.59', revision: 'e82be7d358', time: '2018-11-14T08:17:03'
System info: host: 'LAPTOP-J49C07QH', ip: '192.168.200.3', os.name: 'Windows 10', os.arch: 'amd64', os.version: '10.0', java.version: '1.8.0_241'
Driver info: driver.version: ChromeDriver
remote stacktrace: Backtrace:
	Ordinal0 [0x00F69563+2725219]
	Ordinal0 [0x00E68551+1672529]
	Ordinal0 [0x00D50359+525145]
	Ordinal0 [0x00CE0B77+68471]
	Ordinal0 [0x00CDD32C+54060]
	Ordinal0 [0x00CFCC37+183351]
	Ordinal0 [0x00CFCA3D+182845]
	Ordinal0 [0x00CFA94B+174411]
	Ordinal0 [0x00CE2528+75048]
	Ordinal0 [0x00CE35A0+79264]
	Ordinal0 [0x00CE3539+79161]
	Ordinal0 [0x00E7D607+1758727]
	GetHandleVerifier [0x01086546+1050150]
	GetHandleVerifier [0x01086291+1049457]
	GetHandleVerifier [0x010910D7+1094071]
	GetHandleVerifier [0x01086B46+1051686]
	Ordinal0 [0x00E75B06+1727238]
	Ordinal0 [0x00E7EB7B+1764219]
	Ordinal0 [0x00E7ECE3+1764579]
	Ordinal0 [0x00E94C05+1854469]
	BaseThreadInitThunk [0x75AF6359+25]
	RtlGetAppContainerNamedObjectPath [0x77977C24+228]
	RtlGetAppContainerNamedObjectPath [0x77977BF4+180]

]]></failure>
    <system-out><![CDATA[[TestNG] [WARN] Ignoring duplicate listener : com.hrms.testbase.Lisetener
]]></system-out>
    <system-err><![CDATA[Starting ChromeDriver 83.0.4103.39 (ccbf011cb2d2b19b506d844400483861342c20cd-refs/branch-heads/4103@{#416}) on port 31896
Only local connections are allowed.
Please see https://chromedriver.chromium.org/security-considerations for suggestions on keeping ChromeDriver safe.
ChromeDriver was started successfully.
]]></system-err>
  </testcase>
  <testcase name="setUP" classname="com.hrms.testcases.addEmployeeTest" time="1.509">
    <failure message="session not created: This version of ChromeDriver only supports Chrome version 83&#10;Build info: version: &apos;3.141.59&apos;, revision: &apos;e82be7d358&apos;, time: &apos;2018-11-14T08:17:03&apos;&#10;System info: host: &apos;LAPTOP-J49C07QH&apos;, ip: &apos;192.168.200.3&apos;, os.name: &apos;Windows 10&apos;, os.arch: &apos;amd64&apos;, os.version: &apos;10.0&apos;, java.version: &apos;1.8.0_241&apos;&#10;Driver info: driver.version: ChromeDriver&#10;remote stacktrace: Backtrace:&#10;	Ordinal0 [0x00F69563+2725219]&#10;	Ordinal0 [0x00E68551+1672529]&#10;	Ordinal0 [0x00D50359+525145]&#10;	Ordinal0 [0x00CE0B77+68471]&#10;	Ordinal0 [0x00CDD32C+54060]&#10;	Ordinal0 [0x00CFCC37+183351]&#10;	Ordinal0 [0x00CFCA3D+182845]&#10;	Ordinal0 [0x00CFA94B+174411]&#10;	Ordinal0 [0x00CE2528+75048]&#10;	Ordinal0 [0x00CE35A0+79264]&#10;	Ordinal0 [0x00CE3539+79161]&#10;	Ordinal0 [0x00E7D607+1758727]&#10;	GetHandleVerifier [0x01086546+1050150]&#10;	GetHandleVerifier [0x01086291+1049457]&#10;	GetHandleVerifier [0x010910D7+1094071]&#10;	GetHandleVerifier [0x01086B46+1051686]&#10;	Ordinal0 [0x00E75B06+1727238]&#10;	Ordinal0 [0x00E7EB7B+1764219]&#10;	Ordinal0 [0x00E7ECE3+1764579]&#10;	Ordinal0 [0x00E94C05+1854469]&#10;	BaseThreadInitThunk [0x75AF6359+25]&#10;	RtlGetAppContainerNamedObjectPath [0x77977C24+228]&#10;	RtlGetAppContainerNamedObjectPath [0x77977BF4+180]&#10;" type="org.openqa.selenium.SessionNotCreatedException"><![CDATA[org.openqa.selenium.SessionNotCreatedException: 
session not created: This version of ChromeDriver only supports Chrome version 83
Build info: version: '3.141.59', revision: 'e82be7d358', time: '2018-11-14T08:17:03'
System info: host: 'LAPTOP-J49C07QH', ip: '192.168.200.3', os.name: 'Windows 10', os.arch: 'amd64', os.version: '10.0', java.version: '1.8.0_241'
Driver info: driver.version: ChromeDriver
remote stacktrace: Backtrace:
	Ordinal0 [0x00F69563+2725219]
	Ordinal0 [0x00E68551+1672529]
	Ordinal0 [0x00D50359+525145]
	Ordinal0 [0x00CE0B77+68471]
	Ordinal0 [0x00CDD32C+54060]
	Ordinal0 [0x00CFCC37+183351]
	Ordinal0 [0x00CFCA3D+182845]
	Ordinal0 [0x00CFA94B+174411]
	Ordinal0 [0x00CE2528+75048]
	Ordinal0 [0x00CE35A0+79264]
	Ordinal0 [0x00CE3539+79161]
	Ordinal0 [0x00E7D607+1758727]
	GetHandleVerifier [0x01086546+1050150]
	GetHandleVerifier [0x01086291+1049457]
	GetHandleVerifier [0x010910D7+1094071]
	GetHandleVerifier [0x01086B46+1051686]
	Ordinal0 [0x00E75B06+1727238]
	Ordinal0 [0x00E7EB7B+1764219]
	Ordinal0 [0x00E7ECE3+1764579]
	Ordinal0 [0x00E94C05+1854469]
	BaseThreadInitThunk [0x75AF6359+25]
	RtlGetAppContainerNamedObjectPath [0x77977C24+228]
	RtlGetAppContainerNamedObjectPath [0x77977BF4+180]

]]></failure>
    <system-err><![CDATA[Starting ChromeDriver 83.0.4103.39 (ccbf011cb2d2b19b506d844400483861342c20cd-refs/branch-heads/4103@{#416}) on port 13745
Only local connections are allowed.
Please see https://chromedriver.chromium.org/security-considerations for suggestions on keeping ChromeDriver safe.
ChromeDriver was started successfully.
]]></system-err>
  </testcase>
  <testcase name="setUP" classname="com.hrms.testcases.addEmployeeTest" time="1.557">
    <failure message="session not created: This version of ChromeDriver only supports Chrome version 83&#10;Build info: version: &apos;3.141.59&apos;, revision: &apos;e82be7d358&apos;, time: &apos;2018-11-14T08:17:03&apos;&#10;System info: host: &apos;LAPTOP-J49C07QH&apos;, ip: &apos;192.168.200.3&apos;, os.name: &apos;Windows 10&apos;, os.arch: &apos;amd64&apos;, os.version: &apos;10.0&apos;, java.version: &apos;1.8.0_241&apos;&#10;Driver info: driver.version: ChromeDriver&#10;remote stacktrace: Backtrace:&#10;	Ordinal0 [0x00F69563+2725219]&#10;	Ordinal0 [0x00E68551+1672529]&#10;	Ordinal0 [0x00D50359+525145]&#10;	Ordinal0 [0x00CE0B77+68471]&#10;	Ordinal0 [0x00CDD32C+54060]&#10;	Ordinal0 [0x00CFCC37+183351]&#10;	Ordinal0 [0x00CFCA3D+182845]&#10;	Ordinal0 [0x00CFA94B+174411]&#10;	Ordinal0 [0x00CE2528+75048]&#10;	Ordinal0 [0x00CE35A0+79264]&#10;	Ordinal0 [0x00CE3539+79161]&#10;	Ordinal0 [0x00E7D607+1758727]&#10;	GetHandleVerifier [0x01086546+1050150]&#10;	GetHandleVerifier [0x01086291+1049457]&#10;	GetHandleVerifier [0x010910D7+1094071]&#10;	GetHandleVerifier [0x01086B46+1051686]&#10;	Ordinal0 [0x00E75B06+1727238]&#10;	Ordinal0 [0x00E7EB7B+1764219]&#10;	Ordinal0 [0x00E7ECE3+1764579]&#10;	Ordinal0 [0x00E94C05+1854469]&#10;	BaseThreadInitThunk [0x75AF6359+25]&#10;	RtlGetAppContainerNamedObjectPath [0x77977C24+228]&#10;	RtlGetAppContainerNamedObjectPath [0x77977BF4+180]&#10;" type="org.openqa.selenium.SessionNotCreatedException"><![CDATA[org.openqa.selenium.SessionNotCreatedException: 
session not created: This version of ChromeDriver only supports Chrome version 83
Build info: version: '3.141.59', revision: 'e82be7d358', time: '2018-11-14T08:17:03'
System info: host: 'LAPTOP-J49C07QH', ip: '192.168.200.3', os.name: 'Windows 10', os.arch: 'amd64', os.version: '10.0', java.version: '1.8.0_241'
Driver info: driver.version: ChromeDriver
remote stacktrace: Backtrace:
	Ordinal0 [0x00F69563+2725219]
	Ordinal0 [0x00E68551+1672529]
	Ordinal0 [0x00D50359+525145]
	Ordinal0 [0x00CE0B77+68471]
	Ordinal0 [0x00CDD32C+54060]
	Ordinal0 [0x00CFCC37+183351]
	Ordinal0 [0x00CFCA3D+182845]
	Ordinal0 [0x00CFA94B+174411]
	Ordinal0 [0x00CE2528+75048]
	Ordinal0 [0x00CE35A0+79264]
	Ordinal0 [0x00CE3539+79161]
	Ordinal0 [0x00E7D607+1758727]
	GetHandleVerifier [0x01086546+1050150]
	GetHandleVerifier [0x01086291+1049457]
	GetHandleVerifier [0x010910D7+1094071]
	GetHandleVerifier [0x01086B46+1051686]
	Ordinal0 [0x00E75B06+1727238]
	Ordinal0 [0x00E7EB7B+1764219]
	Ordinal0 [0x00E7ECE3+1764579]
	Ordinal0 [0x00E94C05+1854469]
	BaseThreadInitThunk [0x75AF6359+25]
	RtlGetAppContainerNamedObjectPath [0x77977C24+228]
	RtlGetAppContainerNamedObjectPath [0x77977BF4+180]

]]></failure>
    <system-err><![CDATA[Starting ChromeDriver 83.0.4103.39 (ccbf011cb2d2b19b506d844400483861342c20cd-refs/branch-heads/4103@{#416}) on port 21550
Only local connections are allowed.
Please see https://chromedriver.chromium.org/security-considerations for suggestions on keeping ChromeDriver safe.
ChromeDriver was started successfully.
]]></system-err>
  </testcase>
  <testcase name="setUP" classname="com.hrms.testcases.addEmployeeTest" time="1.538">
    <failure message="session not created: This version of ChromeDriver only supports Chrome version 83&#10;Build info: version: &apos;3.141.59&apos;, revision: &apos;e82be7d358&apos;, time: &apos;2018-11-14T08:17:03&apos;&#10;System info: host: &apos;LAPTOP-J49C07QH&apos;, ip: &apos;192.168.200.3&apos;, os.name: &apos;Windows 10&apos;, os.arch: &apos;amd64&apos;, os.version: &apos;10.0&apos;, java.version: &apos;1.8.0_241&apos;&#10;Driver info: driver.version: ChromeDriver&#10;remote stacktrace: Backtrace:&#10;	Ordinal0 [0x00F69563+2725219]&#10;	Ordinal0 [0x00E68551+1672529]&#10;	Ordinal0 [0x00D50359+525145]&#10;	Ordinal0 [0x00CE0B77+68471]&#10;	Ordinal0 [0x00CDD32C+54060]&#10;	Ordinal0 [0x00CFCC37+183351]&#10;	Ordinal0 [0x00CFCA3D+182845]&#10;	Ordinal0 [0x00CFA94B+174411]&#10;	Ordinal0 [0x00CE2528+75048]&#10;	Ordinal0 [0x00CE35A0+79264]&#10;	Ordinal0 [0x00CE3539+79161]&#10;	Ordinal0 [0x00E7D607+1758727]&#10;	GetHandleVerifier [0x01086546+1050150]&#10;	GetHandleVerifier [0x01086291+1049457]&#10;	GetHandleVerifier [0x010910D7+1094071]&#10;	GetHandleVerifier [0x01086B46+1051686]&#10;	Ordinal0 [0x00E75B06+1727238]&#10;	Ordinal0 [0x00E7EB7B+1764219]&#10;	Ordinal0 [0x00E7ECE3+1764579]&#10;	Ordinal0 [0x00E94C05+1854469]&#10;	BaseThreadInitThunk [0x75AF6359+25]&#10;	RtlGetAppContainerNamedObjectPath [0x77977C24+228]&#10;	RtlGetAppContainerNamedObjectPath [0x77977BF4+180]&#10;" type="org.openqa.selenium.SessionNotCreatedException"><![CDATA[org.openqa.selenium.SessionNotCreatedException: 
session not created: This version of ChromeDriver only supports Chrome version 83
Build info: version: '3.141.59', revision: 'e82be7d358', time: '2018-11-14T08:17:03'
System info: host: 'LAPTOP-J49C07QH', ip: '192.168.200.3', os.name: 'Windows 10', os.arch: 'amd64', os.version: '10.0', java.version: '1.8.0_241'
Driver info: driver.version: ChromeDriver
remote stacktrace: Backtrace:
	Ordinal0 [0x00F69563+2725219]
	Ordinal0 [0x00E68551+1672529]
	Ordinal0 [0x00D50359+525145]
	Ordinal0 [0x00CE0B77+68471]
	Ordinal0 [0x00CDD32C+54060]
	Ordinal0 [0x00CFCC37+183351]
	Ordinal0 [0x00CFCA3D+182845]
	Ordinal0 [0x00CFA94B+174411]
	Ordinal0 [0x00CE2528+75048]
	Ordinal0 [0x00CE35A0+79264]
	Ordinal0 [0x00CE3539+79161]
	Ordinal0 [0x00E7D607+1758727]
	GetHandleVerifier [0x01086546+1050150]
	GetHandleVerifier [0x01086291+1049457]
	GetHandleVerifier [0x010910D7+1094071]
	GetHandleVerifier [0x01086B46+1051686]
	Ordinal0 [0x00E75B06+1727238]
	Ordinal0 [0x00E7EB7B+1764219]
	Ordinal0 [0x00E7ECE3+1764579]
	Ordinal0 [0x00E94C05+1854469]
	BaseThreadInitThunk [0x75AF6359+25]
	RtlGetAppContainerNamedObjectPath [0x77977C24+228]
	RtlGetAppContainerNamedObjectPath [0x77977BF4+180]

]]></failure>
    <system-err><![CDATA[Starting ChromeDriver 83.0.4103.39 (ccbf011cb2d2b19b506d844400483861342c20cd-refs/branch-heads/4103@{#416}) on port 4458
Only local connections are allowed.
Please see https://chromedriver.chromium.org/security-considerations for suggestions on keeping ChromeDriver safe.
ChromeDriver was started successfully.
]]></system-err>
  </testcase>
  <testcase name="setUP" classname="com.hrms.testcases.addEmployeeTest" time="1.453">
    <failure message="session not created: This version of ChromeDriver only supports Chrome version 83&#10;Build info: version: &apos;3.141.59&apos;, revision: &apos;e82be7d358&apos;, time: &apos;2018-11-14T08:17:03&apos;&#10;System info: host: &apos;LAPTOP-J49C07QH&apos;, ip: &apos;192.168.200.3&apos;, os.name: &apos;Windows 10&apos;, os.arch: &apos;amd64&apos;, os.version: &apos;10.0&apos;, java.version: &apos;1.8.0_241&apos;&#10;Driver info: driver.version: ChromeDriver&#10;remote stacktrace: Backtrace:&#10;	Ordinal0 [0x00F69563+2725219]&#10;	Ordinal0 [0x00E68551+1672529]&#10;	Ordinal0 [0x00D50359+525145]&#10;	Ordinal0 [0x00CE0B77+68471]&#10;	Ordinal0 [0x00CDD32C+54060]&#10;	Ordinal0 [0x00CFCC37+183351]&#10;	Ordinal0 [0x00CFCA3D+182845]&#10;	Ordinal0 [0x00CFA94B+174411]&#10;	Ordinal0 [0x00CE2528+75048]&#10;	Ordinal0 [0x00CE35A0+79264]&#10;	Ordinal0 [0x00CE3539+79161]&#10;	Ordinal0 [0x00E7D607+1758727]&#10;	GetHandleVerifier [0x01086546+1050150]&#10;	GetHandleVerifier [0x01086291+1049457]&#10;	GetHandleVerifier [0x010910D7+1094071]&#10;	GetHandleVerifier [0x01086B46+1051686]&#10;	Ordinal0 [0x00E75B06+1727238]&#10;	Ordinal0 [0x00E7EB7B+1764219]&#10;	Ordinal0 [0x00E7ECE3+1764579]&#10;	Ordinal0 [0x00E94C05+1854469]&#10;	BaseThreadInitThunk [0x75AF6359+25]&#10;	RtlGetAppContainerNamedObjectPath [0x77977C24+228]&#10;	RtlGetAppContainerNamedObjectPath [0x77977BF4+180]&#10;" type="org.openqa.selenium.SessionNotCreatedException"><![CDATA[org.openqa.selenium.SessionNotCreatedException: 
session not created: This version of ChromeDriver only supports Chrome version 83
Build info: version: '3.141.59', revision: 'e82be7d358', time: '2018-11-14T08:17:03'
System info: host: 'LAPTOP-J49C07QH', ip: '192.168.200.3', os.name: 'Windows 10', os.arch: 'amd64', os.version: '10.0', java.version: '1.8.0_241'
Driver info: driver.version: ChromeDriver
remote stacktrace: Backtrace:
	Ordinal0 [0x00F69563+2725219]
	Ordinal0 [0x00E68551+1672529]
	Ordinal0 [0x00D50359+525145]
	Ordinal0 [0x00CE0B77+68471]
	Ordinal0 [0x00CDD32C+54060]
	Ordinal0 [0x00CFCC37+183351]
	Ordinal0 [0x00CFCA3D+182845]
	Ordinal0 [0x00CFA94B+174411]
	Ordinal0 [0x00CE2528+75048]
	Ordinal0 [0x00CE35A0+79264]
	Ordinal0 [0x00CE3539+79161]
	Ordinal0 [0x00E7D607+1758727]
	GetHandleVerifier [0x01086546+1050150]
	GetHandleVerifier [0x01086291+1049457]
	GetHandleVerifier [0x010910D7+1094071]
	GetHandleVerifier [0x01086B46+1051686]
	Ordinal0 [0x00E75B06+1727238]
	Ordinal0 [0x00E7EB7B+1764219]
	Ordinal0 [0x00E7ECE3+1764579]
	Ordinal0 [0x00E94C05+1854469]
	BaseThreadInitThunk [0x75AF6359+25]
	RtlGetAppContainerNamedObjectPath [0x77977C24+228]
	RtlGetAppContainerNamedObjectPath [0x77977BF4+180]

]]></failure>
    <system-err><![CDATA[Starting ChromeDriver 83.0.4103.39 (ccbf011cb2d2b19b506d844400483861342c20cd-refs/branch-heads/4103@{#416}) on port 7633
Only local connections are allowed.
Please see https://chromedriver.chromium.org/security-considerations for suggestions on keeping ChromeDriver safe.
ChromeDriver was started successfully.
]]></system-err>
  </testcase>
  <testcase name="setUP" classname="com.hrms.testcases.addEmployeeTest" time="1.824">
    <failure message="session not created: This version of ChromeDriver only supports Chrome version 83&#10;Build info: version: &apos;3.141.59&apos;, revision: &apos;e82be7d358&apos;, time: &apos;2018-11-14T08:17:03&apos;&#10;System info: host: &apos;LAPTOP-J49C07QH&apos;, ip: &apos;192.168.200.3&apos;, os.name: &apos;Windows 10&apos;, os.arch: &apos;amd64&apos;, os.version: &apos;10.0&apos;, java.version: &apos;1.8.0_241&apos;&#10;Driver info: driver.version: ChromeDriver&#10;remote stacktrace: Backtrace:&#10;	Ordinal0 [0x00F69563+2725219]&#10;	Ordinal0 [0x00E68551+1672529]&#10;	Ordinal0 [0x00D50359+525145]&#10;	Ordinal0 [0x00CE0B77+68471]&#10;	Ordinal0 [0x00CDD32C+54060]&#10;	Ordinal0 [0x00CFCC37+183351]&#10;	Ordinal0 [0x00CFCA3D+182845]&#10;	Ordinal0 [0x00CFA94B+174411]&#10;	Ordinal0 [0x00CE2528+75048]&#10;	Ordinal0 [0x00CE35A0+79264]&#10;	Ordinal0 [0x00CE3539+79161]&#10;	Ordinal0 [0x00E7D607+1758727]&#10;	GetHandleVerifier [0x01086546+1050150]&#10;	GetHandleVerifier [0x01086291+1049457]&#10;	GetHandleVerifier [0x010910D7+1094071]&#10;	GetHandleVerifier [0x01086B46+1051686]&#10;	Ordinal0 [0x00E75B06+1727238]&#10;	Ordinal0 [0x00E7EB7B+1764219]&#10;	Ordinal0 [0x00E7ECE3+1764579]&#10;	Ordinal0 [0x00E94C05+1854469]&#10;	BaseThreadInitThunk [0x75AF6359+25]&#10;	RtlGetAppContainerNamedObjectPath [0x77977C24+228]&#10;	RtlGetAppContainerNamedObjectPath [0x77977BF4+180]&#10;" type="org.openqa.selenium.SessionNotCreatedException"><![CDATA[org.openqa.selenium.SessionNotCreatedException: 
session not created: This version of ChromeDriver only supports Chrome version 83
Build info: version: '3.141.59', revision: 'e82be7d358', time: '2018-11-14T08:17:03'
System info: host: 'LAPTOP-J49C07QH', ip: '192.168.200.3', os.name: 'Windows 10', os.arch: 'amd64', os.version: '10.0', java.version: '1.8.0_241'
Driver info: driver.version: ChromeDriver
remote stacktrace: Backtrace:
	Ordinal0 [0x00F69563+2725219]
	Ordinal0 [0x00E68551+1672529]
	Ordinal0 [0x00D50359+525145]
	Ordinal0 [0x00CE0B77+68471]
	Ordinal0 [0x00CDD32C+54060]
	Ordinal0 [0x00CFCC37+183351]
	Ordinal0 [0x00CFCA3D+182845]
	Ordinal0 [0x00CFA94B+174411]
	Ordinal0 [0x00CE2528+75048]
	Ordinal0 [0x00CE35A0+79264]
	Ordinal0 [0x00CE3539+79161]
	Ordinal0 [0x00E7D607+1758727]
	GetHandleVerifier [0x01086546+1050150]
	GetHandleVerifier [0x01086291+1049457]
	GetHandleVerifier [0x010910D7+1094071]
	GetHandleVerifier [0x01086B46+1051686]
	Ordinal0 [0x00E75B06+1727238]
	Ordinal0 [0x00E7EB7B+1764219]
	Ordinal0 [0x00E7ECE3+1764579]
	Ordinal0 [0x00E94C05+1854469]
	BaseThreadInitThunk [0x75AF6359+25]
	RtlGetAppContainerNamedObjectPath [0x77977C24+228]
	RtlGetAppContainerNamedObjectPath [0x77977BF4+180]

]]></failure>
    <system-err><![CDATA[Starting ChromeDriver 83.0.4103.39 (ccbf011cb2d2b19b506d844400483861342c20cd-refs/branch-heads/4103@{#416}) on port 21680
Only local connections are allowed.
Please see https://chromedriver.chromium.org/security-considerations for suggestions on keeping ChromeDriver safe.
ChromeDriver was started successfully.
]]></system-err>
  </testcase>
  <testcase name="setUP" classname="com.hrms.testcases.addEmployeeTest" time="1.438">
    <failure message="session not created: This version of ChromeDriver only supports Chrome version 83&#10;Build info: version: &apos;3.141.59&apos;, revision: &apos;e82be7d358&apos;, time: &apos;2018-11-14T08:17:03&apos;&#10;System info: host: &apos;LAPTOP-J49C07QH&apos;, ip: &apos;192.168.200.3&apos;, os.name: &apos;Windows 10&apos;, os.arch: &apos;amd64&apos;, os.version: &apos;10.0&apos;, java.version: &apos;1.8.0_241&apos;&#10;Driver info: driver.version: ChromeDriver&#10;remote stacktrace: Backtrace:&#10;	Ordinal0 [0x00F69563+2725219]&#10;	Ordinal0 [0x00E68551+1672529]&#10;	Ordinal0 [0x00D50359+525145]&#10;	Ordinal0 [0x00CE0B77+68471]&#10;	Ordinal0 [0x00CDD32C+54060]&#10;	Ordinal0 [0x00CFCC37+183351]&#10;	Ordinal0 [0x00CFCA3D+182845]&#10;	Ordinal0 [0x00CFA94B+174411]&#10;	Ordinal0 [0x00CE2528+75048]&#10;	Ordinal0 [0x00CE35A0+79264]&#10;	Ordinal0 [0x00CE3539+79161]&#10;	Ordinal0 [0x00E7D607+1758727]&#10;	GetHandleVerifier [0x01086546+1050150]&#10;	GetHandleVerifier [0x01086291+1049457]&#10;	GetHandleVerifier [0x010910D7+1094071]&#10;	GetHandleVerifier [0x01086B46+1051686]&#10;	Ordinal0 [0x00E75B06+1727238]&#10;	Ordinal0 [0x00E7EB7B+1764219]&#10;	Ordinal0 [0x00E7ECE3+1764579]&#10;	Ordinal0 [0x00E94C05+1854469]&#10;	BaseThreadInitThunk [0x75AF6359+25]&#10;	RtlGetAppContainerNamedObjectPath [0x77977C24+228]&#10;	RtlGetAppContainerNamedObjectPath [0x77977BF4+180]&#10;" type="org.openqa.selenium.SessionNotCreatedException"><![CDATA[org.openqa.selenium.SessionNotCreatedException: 
session not created: This version of ChromeDriver only supports Chrome version 83
Build info: version: '3.141.59', revision: 'e82be7d358', time: '2018-11-14T08:17:03'
System info: host: 'LAPTOP-J49C07QH', ip: '192.168.200.3', os.name: 'Windows 10', os.arch: 'amd64', os.version: '10.0', java.version: '1.8.0_241'
Driver info: driver.version: ChromeDriver
remote stacktrace: Backtrace:
	Ordinal0 [0x00F69563+2725219]
	Ordinal0 [0x00E68551+1672529]
	Ordinal0 [0x00D50359+525145]
	Ordinal0 [0x00CE0B77+68471]
	Ordinal0 [0x00CDD32C+54060]
	Ordinal0 [0x00CFCC37+183351]
	Ordinal0 [0x00CFCA3D+182845]
	Ordinal0 [0x00CFA94B+174411]
	Ordinal0 [0x00CE2528+75048]
	Ordinal0 [0x00CE35A0+79264]
	Ordinal0 [0x00CE3539+79161]
	Ordinal0 [0x00E7D607+1758727]
	GetHandleVerifier [0x01086546+1050150]
	GetHandleVerifier [0x01086291+1049457]
	GetHandleVerifier [0x010910D7+1094071]
	GetHandleVerifier [0x01086B46+1051686]
	Ordinal0 [0x00E75B06+1727238]
	Ordinal0 [0x00E7EB7B+1764219]
	Ordinal0 [0x00E7ECE3+1764579]
	Ordinal0 [0x00E94C05+1854469]
	BaseThreadInitThunk [0x75AF6359+25]
	RtlGetAppContainerNamedObjectPath [0x77977C24+228]
	RtlGetAppContainerNamedObjectPath [0x77977BF4+180]

]]></failure>
    <system-err><![CDATA[Starting ChromeDriver 83.0.4103.39 (ccbf011cb2d2b19b506d844400483861342c20cd-refs/branch-heads/4103@{#416}) on port 29202
Only local connections are allowed.
Please see https://chromedriver.chromium.org/security-considerations for suggestions on keeping ChromeDriver safe.
ChromeDriver was started successfully.
]]></system-err>
  </testcase>
  <testcase name="setUP" classname="com.hrms.testcases.addEmployeeTest" time="1.434">
    <failure message="session not created: This version of ChromeDriver only supports Chrome version 83&#10;Build info: version: &apos;3.141.59&apos;, revision: &apos;e82be7d358&apos;, time: &apos;2018-11-14T08:17:03&apos;&#10;System info: host: &apos;LAPTOP-J49C07QH&apos;, ip: &apos;192.168.200.3&apos;, os.name: &apos;Windows 10&apos;, os.arch: &apos;amd64&apos;, os.version: &apos;10.0&apos;, java.version: &apos;1.8.0_241&apos;&#10;Driver info: driver.version: ChromeDriver&#10;remote stacktrace: Backtrace:&#10;	Ordinal0 [0x00F69563+2725219]&#10;	Ordinal0 [0x00E68551+1672529]&#10;	Ordinal0 [0x00D50359+525145]&#10;	Ordinal0 [0x00CE0B77+68471]&#10;	Ordinal0 [0x00CDD32C+54060]&#10;	Ordinal0 [0x00CFCC37+183351]&#10;	Ordinal0 [0x00CFCA3D+182845]&#10;	Ordinal0 [0x00CFA94B+174411]&#10;	Ordinal0 [0x00CE2528+75048]&#10;	Ordinal0 [0x00CE35A0+79264]&#10;	Ordinal0 [0x00CE3539+79161]&#10;	Ordinal0 [0x00E7D607+1758727]&#10;	GetHandleVerifier [0x01086546+1050150]&#10;	GetHandleVerifier [0x01086291+1049457]&#10;	GetHandleVerifier [0x010910D7+1094071]&#10;	GetHandleVerifier [0x01086B46+1051686]&#10;	Ordinal0 [0x00E75B06+1727238]&#10;	Ordinal0 [0x00E7EB7B+1764219]&#10;	Ordinal0 [0x00E7ECE3+1764579]&#10;	Ordinal0 [0x00E94C05+1854469]&#10;	BaseThreadInitThunk [0x75AF6359+25]&#10;	RtlGetAppContainerNamedObjectPath [0x77977C24+228]&#10;	RtlGetAppContainerNamedObjectPath [0x77977BF4+180]&#10;" type="org.openqa.selenium.SessionNotCreatedException"><![CDATA[org.openqa.selenium.SessionNotCreatedException: 
session not created: This version of ChromeDriver only supports Chrome version 83
Build info: version: '3.141.59', revision: 'e82be7d358', time: '2018-11-14T08:17:03'
System info: host: 'LAPTOP-J49C07QH', ip: '192.168.200.3', os.name: 'Windows 10', os.arch: 'amd64', os.version: '10.0', java.version: '1.8.0_241'
Driver info: driver.version: ChromeDriver
remote stacktrace: Backtrace:
	Ordinal0 [0x00F69563+2725219]
	Ordinal0 [0x00E68551+1672529]
	Ordinal0 [0x00D50359+525145]
	Ordinal0 [0x00CE0B77+68471]
	Ordinal0 [0x00CDD32C+54060]
	Ordinal0 [0x00CFCC37+183351]
	Ordinal0 [0x00CFCA3D+182845]
	Ordinal0 [0x00CFA94B+174411]
	Ordinal0 [0x00CE2528+75048]
	Ordinal0 [0x00CE35A0+79264]
	Ordinal0 [0x00CE3539+79161]
	Ordinal0 [0x00E7D607+1758727]
	GetHandleVerifier [0x01086546+1050150]
	GetHandleVerifier [0x01086291+1049457]
	GetHandleVerifier [0x010910D7+1094071]
	GetHandleVerifier [0x01086B46+1051686]
	Ordinal0 [0x00E75B06+1727238]
	Ordinal0 [0x00E7EB7B+1764219]
	Ordinal0 [0x00E7ECE3+1764579]
	Ordinal0 [0x00E94C05+1854469]
	BaseThreadInitThunk [0x75AF6359+25]
	RtlGetAppContainerNamedObjectPath [0x77977C24+228]
	RtlGetAppContainerNamedObjectPath [0x77977BF4+180]

]]></failure>
    <system-err><![CDATA[Starting ChromeDriver 83.0.4103.39 (ccbf011cb2d2b19b506d844400483861342c20cd-refs/branch-heads/4103@{#416}) on port 10909
Only local connections are allowed.
Please see https://chromedriver.chromium.org/security-considerations for suggestions on keeping ChromeDriver safe.
ChromeDriver was started successfully.
]]></system-err>
  </testcase>
  <testcase name="addEmpinfo" classname="com.hrms.testcases.addEmployeeTest" time="0">
    <skipped message="session not created: This version of ChromeDriver only supports Chrome version 83&#10;Build info: version: &apos;3.141.59&apos;, revision: &apos;e82be7d358&apos;, time: &apos;2018-11-14T08:17:03&apos;&#10;System info: host: &apos;LAPTOP-J49C07QH&apos;, ip: &apos;192.168.200.3&apos;, os.name: &apos;Windows 10&apos;, os.arch: &apos;amd64&apos;, os.version: &apos;10.0&apos;, java.version: &apos;1.8.0_241&apos;&#10;Driver info: driver.version: ChromeDriver&#10;remote stacktrace: Backtrace:&#10;	Ordinal0 [0x00F69563+2725219]&#10;	Ordinal0 [0x00E68551+1672529]&#10;	Ordinal0 [0x00D50359+525145]&#10;	Ordinal0 [0x00CE0B77+68471]&#10;	Ordinal0 [0x00CDD32C+54060]&#10;	Ordinal0 [0x00CFCC37+183351]&#10;	Ordinal0 [0x00CFCA3D+182845]&#10;	Ordinal0 [0x00CFA94B+174411]&#10;	Ordinal0 [0x00CE2528+75048]&#10;	Ordinal0 [0x00CE35A0+79264]&#10;	Ordinal0 [0x00CE3539+79161]&#10;	Ordinal0 [0x00E7D607+1758727]&#10;	GetHandleVerifier [0x01086546+1050150]&#10;	GetHandleVerifier [0x01086291+1049457]&#10;	GetHandleVerifier [0x010910D7+1094071]&#10;	GetHandleVerifier [0x01086B46+1051686]&#10;	Ordinal0 [0x00E75B06+1727238]&#10;	Ordinal0 [0x00E7EB7B+1764219]&#10;	Ordinal0 [0x00E7ECE3+1764579]&#10;	Ordinal0 [0x00E94C05+1854469]&#10;	BaseThreadInitThunk [0x75AF6359+25]&#10;	RtlGetAppContainerNamedObjectPath [0x77977C24+228]&#10;	RtlGetAppContainerNamedObjectPath [0x77977BF4+180]&#10;"/>
    <system-out><![CDATA[Test started !!!addEmpinfo
]]></system-out>
  </testcase>
  <testcase name="test" classname="com.hrms.testcases.addEmployeeTest" time="0">
    <skipped message="session not created: This version of ChromeDriver only supports Chrome version 83&#10;Build info: version: &apos;3.141.59&apos;, revision: &apos;e82be7d358&apos;, time: &apos;2018-11-14T08:17:03&apos;&#10;System info: host: &apos;LAPTOP-J49C07QH&apos;, ip: &apos;192.168.200.3&apos;, os.name: &apos;Windows 10&apos;, os.arch: &apos;amd64&apos;, os.version: &apos;10.0&apos;, java.version: &apos;1.8.0_241&apos;&#10;Driver info: driver.version: ChromeDriver&#10;remote stacktrace: Backtrace:&#10;	Ordinal0 [0x00F69563+2725219]&#10;	Ordinal0 [0x00E68551+1672529]&#10;	Ordinal0 [0x00D50359+525145]&#10;	Ordinal0 [0x00CE0B77+68471]&#10;	Ordinal0 [0x00CDD32C+54060]&#10;	Ordinal0 [0x00CFCC37+183351]&#10;	Ordinal0 [0x00CFCA3D+182845]&#10;	Ordinal0 [0x00CFA94B+174411]&#10;	Ordinal0 [0x00CE2528+75048]&#10;	Ordinal0 [0x00CE35A0+79264]&#10;	Ordinal0 [0x00CE3539+79161]&#10;	Ordinal0 [0x00E7D607+1758727]&#10;	GetHandleVerifier [0x01086546+1050150]&#10;	GetHandleVerifier [0x01086291+1049457]&#10;	GetHandleVerifier [0x010910D7+1094071]&#10;	GetHandleVerifier [0x01086B46+1051686]&#10;	Ordinal0 [0x00E75B06+1727238]&#10;	Ordinal0 [0x00E7EB7B+1764219]&#10;	Ordinal0 [0x00E7ECE3+1764579]&#10;	Ordinal0 [0x00E94C05+1854469]&#10;	BaseThreadInitThunk [0x75AF6359+25]&#10;	RtlGetAppContainerNamedObjectPath [0x77977C24+228]&#10;	RtlGetAppContainerNamedObjectPath [0x77977BF4+180]&#10;"/>
    <system-out><![CDATA[Test started !!!test
]]></system-out>
  </testcase>
  <testcase name="test" classname="com.hrms.testcases.addEmployeeTest" time="0">
    <skipped message="session not created: This version of ChromeDriver only supports Chrome version 83&#10;Build info: version: &apos;3.141.59&apos;, revision: &apos;e82be7d358&apos;, time: &apos;2018-11-14T08:17:03&apos;&#10;System info: host: &apos;LAPTOP-J49C07QH&apos;, ip: &apos;192.168.200.3&apos;, os.name: &apos;Windows 10&apos;, os.arch: &apos;amd64&apos;, os.version: &apos;10.0&apos;, java.version: &apos;1.8.0_241&apos;&#10;Driver info: driver.version: ChromeDriver&#10;remote stacktrace: Backtrace:&#10;	Ordinal0 [0x00F69563+2725219]&#10;	Ordinal0 [0x00E68551+1672529]&#10;	Ordinal0 [0x00D50359+525145]&#10;	Ordinal0 [0x00CE0B77+68471]&#10;	Ordinal0 [0x00CDD32C+54060]&#10;	Ordinal0 [0x00CFCC37+183351]&#10;	Ordinal0 [0x00CFCA3D+182845]&#10;	Ordinal0 [0x00CFA94B+174411]&#10;	Ordinal0 [0x00CE2528+75048]&#10;	Ordinal0 [0x00CE35A0+79264]&#10;	Ordinal0 [0x00CE3539+79161]&#10;	Ordinal0 [0x00E7D607+1758727]&#10;	GetHandleVerifier [0x01086546+1050150]&#10;	GetHandleVerifier [0x01086291+1049457]&#10;	GetHandleVerifier [0x010910D7+1094071]&#10;	GetHandleVerifier [0x01086B46+1051686]&#10;	Ordinal0 [0x00E75B06+1727238]&#10;	Ordinal0 [0x00E7EB7B+1764219]&#10;	Ordinal0 [0x00E7ECE3+1764579]&#10;	Ordinal0 [0x00E94C05+1854469]&#10;	BaseThreadInitThunk [0x75AF6359+25]&#10;	RtlGetAppContainerNamedObjectPath [0x77977C24+228]&#10;	RtlGetAppContainerNamedObjectPath [0x77977BF4+180]&#10;"/>
    <system-out><![CDATA[Test started !!!test
]]></system-out>
  </testcase>
  <testcase name="test" classname="com.hrms.testcases.addEmployeeTest" time="0">
    <skipped message="session not created: This version of ChromeDriver only supports Chrome version 83&#10;Build info: version: &apos;3.141.59&apos;, revision: &apos;e82be7d358&apos;, time: &apos;2018-11-14T08:17:03&apos;&#10;System info: host: &apos;LAPTOP-J49C07QH&apos;, ip: &apos;192.168.200.3&apos;, os.name: &apos;Windows 10&apos;, os.arch: &apos;amd64&apos;, os.version: &apos;10.0&apos;, java.version: &apos;1.8.0_241&apos;&#10;Driver info: driver.version: ChromeDriver&#10;remote stacktrace: Backtrace:&#10;	Ordinal0 [0x00F69563+2725219]&#10;	Ordinal0 [0x00E68551+1672529]&#10;	Ordinal0 [0x00D50359+525145]&#10;	Ordinal0 [0x00CE0B77+68471]&#10;	Ordinal0 [0x00CDD32C+54060]&#10;	Ordinal0 [0x00CFCC37+183351]&#10;	Ordinal0 [0x00CFCA3D+182845]&#10;	Ordinal0 [0x00CFA94B+174411]&#10;	Ordinal0 [0x00CE2528+75048]&#10;	Ordinal0 [0x00CE35A0+79264]&#10;	Ordinal0 [0x00CE3539+79161]&#10;	Ordinal0 [0x00E7D607+1758727]&#10;	GetHandleVerifier [0x01086546+1050150]&#10;	GetHandleVerifier [0x01086291+1049457]&#10;	GetHandleVerifier [0x010910D7+1094071]&#10;	GetHandleVerifier [0x01086B46+1051686]&#10;	Ordinal0 [0x00E75B06+1727238]&#10;	Ordinal0 [0x00E7EB7B+1764219]&#10;	Ordinal0 [0x00E7ECE3+1764579]&#10;	Ordinal0 [0x00E94C05+1854469]&#10;	BaseThreadInitThunk [0x75AF6359+25]&#10;	RtlGetAppContainerNamedObjectPath [0x77977C24+228]&#10;	RtlGetAppContainerNamedObjectPath [0x77977BF4+180]&#10;"/>
    <system-out><![CDATA[Test started !!!test
]]></system-out>
  </testcase>
  <testcase name="test" classname="com.hrms.testcases.addEmployeeTest" time="0">
    <skipped message="session not created: This version of ChromeDriver only supports Chrome version 83&#10;Build info: version: &apos;3.141.59&apos;, revision: &apos;e82be7d358&apos;, time: &apos;2018-11-14T08:17:03&apos;&#10;System info: host: &apos;LAPTOP-J49C07QH&apos;, ip: &apos;192.168.200.3&apos;, os.name: &apos;Windows 10&apos;, os.arch: &apos;amd64&apos;, os.version: &apos;10.0&apos;, java.version: &apos;1.8.0_241&apos;&#10;Driver info: driver.version: ChromeDriver&#10;remote stacktrace: Backtrace:&#10;	Ordinal0 [0x00F69563+2725219]&#10;	Ordinal0 [0x00E68551+1672529]&#10;	Ordinal0 [0x00D50359+525145]&#10;	Ordinal0 [0x00CE0B77+68471]&#10;	Ordinal0 [0x00CDD32C+54060]&#10;	Ordinal0 [0x00CFCC37+183351]&#10;	Ordinal0 [0x00CFCA3D+182845]&#10;	Ordinal0 [0x00CFA94B+174411]&#10;	Ordinal0 [0x00CE2528+75048]&#10;	Ordinal0 [0x00CE35A0+79264]&#10;	Ordinal0 [0x00CE3539+79161]&#10;	Ordinal0 [0x00E7D607+1758727]&#10;	GetHandleVerifier [0x01086546+1050150]&#10;	GetHandleVerifier [0x01086291+1049457]&#10;	GetHandleVerifier [0x010910D7+1094071]&#10;	GetHandleVerifier [0x01086B46+1051686]&#10;	Ordinal0 [0x00E75B06+1727238]&#10;	Ordinal0 [0x00E7EB7B+1764219]&#10;	Ordinal0 [0x00E7ECE3+1764579]&#10;	Ordinal0 [0x00E94C05+1854469]&#10;	BaseThreadInitThunk [0x75AF6359+25]&#10;	RtlGetAppContainerNamedObjectPath [0x77977C24+228]&#10;	RtlGetAppContainerNamedObjectPath [0x77977BF4+180]&#10;"/>
    <system-out><![CDATA[Test started !!!test
]]></system-out>
  </testcase>
  <testcase name="test" classname="com.hrms.testcases.addEmployeeTest" time="0">
    <skipped message="session not created: This version of ChromeDriver only supports Chrome version 83&#10;Build info: version: &apos;3.141.59&apos;, revision: &apos;e82be7d358&apos;, time: &apos;2018-11-14T08:17:03&apos;&#10;System info: host: &apos;LAPTOP-J49C07QH&apos;, ip: &apos;192.168.200.3&apos;, os.name: &apos;Windows 10&apos;, os.arch: &apos;amd64&apos;, os.version: &apos;10.0&apos;, java.version: &apos;1.8.0_241&apos;&#10;Driver info: driver.version: ChromeDriver&#10;remote stacktrace: Backtrace:&#10;	Ordinal0 [0x00F69563+2725219]&#10;	Ordinal0 [0x00E68551+1672529]&#10;	Ordinal0 [0x00D50359+525145]&#10;	Ordinal0 [0x00CE0B77+68471]&#10;	Ordinal0 [0x00CDD32C+54060]&#10;	Ordinal0 [0x00CFCC37+183351]&#10;	Ordinal0 [0x00CFCA3D+182845]&#10;	Ordinal0 [0x00CFA94B+174411]&#10;	Ordinal0 [0x00CE2528+75048]&#10;	Ordinal0 [0x00CE35A0+79264]&#10;	Ordinal0 [0x00CE3539+79161]&#10;	Ordinal0 [0x00E7D607+1758727]&#10;	GetHandleVerifier [0x01086546+1050150]&#10;	GetHandleVerifier [0x01086291+1049457]&#10;	GetHandleVerifier [0x010910D7+1094071]&#10;	GetHandleVerifier [0x01086B46+1051686]&#10;	Ordinal0 [0x00E75B06+1727238]&#10;	Ordinal0 [0x00E7EB7B+1764219]&#10;	Ordinal0 [0x00E7ECE3+1764579]&#10;	Ordinal0 [0x00E94C05+1854469]&#10;	BaseThreadInitThunk [0x75AF6359+25]&#10;	RtlGetAppContainerNamedObjectPath [0x77977C24+228]&#10;	RtlGetAppContainerNamedObjectPath [0x77977BF4+180]&#10;"/>
    <system-out><![CDATA[Test started !!!test
]]></system-out>
  </testcase>
  <testcase name="test" classname="com.hrms.testcases.addEmployeeTest" time="0">
    <skipped message="session not created: This version of ChromeDriver only supports Chrome version 83&#10;Build info: version: &apos;3.141.59&apos;, revision: &apos;e82be7d358&apos;, time: &apos;2018-11-14T08:17:03&apos;&#10;System info: host: &apos;LAPTOP-J49C07QH&apos;, ip: &apos;192.168.200.3&apos;, os.name: &apos;Windows 10&apos;, os.arch: &apos;amd64&apos;, os.version: &apos;10.0&apos;, java.version: &apos;1.8.0_241&apos;&#10;Driver info: driver.version: ChromeDriver&#10;remote stacktrace: Backtrace:&#10;	Ordinal0 [0x00F69563+2725219]&#10;	Ordinal0 [0x00E68551+1672529]&#10;	Ordinal0 [0x00D50359+525145]&#10;	Ordinal0 [0x00CE0B77+68471]&#10;	Ordinal0 [0x00CDD32C+54060]&#10;	Ordinal0 [0x00CFCC37+183351]&#10;	Ordinal0 [0x00CFCA3D+182845]&#10;	Ordinal0 [0x00CFA94B+174411]&#10;	Ordinal0 [0x00CE2528+75048]&#10;	Ordinal0 [0x00CE35A0+79264]&#10;	Ordinal0 [0x00CE3539+79161]&#10;	Ordinal0 [0x00E7D607+1758727]&#10;	GetHandleVerifier [0x01086546+1050150]&#10;	GetHandleVerifier [0x01086291+1049457]&#10;	GetHandleVerifier [0x010910D7+1094071]&#10;	GetHandleVerifier [0x01086B46+1051686]&#10;	Ordinal0 [0x00E75B06+1727238]&#10;	Ordinal0 [0x00E7EB7B+1764219]&#10;	Ordinal0 [0x00E7ECE3+1764579]&#10;	Ordinal0 [0x00E94C05+1854469]&#10;	BaseThreadInitThunk [0x75AF6359+25]&#10;	RtlGetAppContainerNamedObjectPath [0x77977C24+228]&#10;	RtlGetAppContainerNamedObjectPath [0x77977BF4+180]&#10;"/>
    <system-out><![CDATA[Test started !!!test
]]></system-out>
  </testcase>
  <testcase name="virefyaddEmpLibels" classname="com.hrms.testcases.addEmployeeTest" time="0">
    <skipped message="session not created: This version of ChromeDriver only supports Chrome version 83&#10;Build info: version: &apos;3.141.59&apos;, revision: &apos;e82be7d358&apos;, time: &apos;2018-11-14T08:17:03&apos;&#10;System info: host: &apos;LAPTOP-J49C07QH&apos;, ip: &apos;192.168.200.3&apos;, os.name: &apos;Windows 10&apos;, os.arch: &apos;amd64&apos;, os.version: &apos;10.0&apos;, java.version: &apos;1.8.0_241&apos;&#10;Driver info: driver.version: ChromeDriver&#10;remote stacktrace: Backtrace:&#10;	Ordinal0 [0x00F69563+2725219]&#10;	Ordinal0 [0x00E68551+1672529]&#10;	Ordinal0 [0x00D50359+525145]&#10;	Ordinal0 [0x00CE0B77+68471]&#10;	Ordinal0 [0x00CDD32C+54060]&#10;	Ordinal0 [0x00CFCC37+183351]&#10;	Ordinal0 [0x00CFCA3D+182845]&#10;	Ordinal0 [0x00CFA94B+174411]&#10;	Ordinal0 [0x00CE2528+75048]&#10;	Ordinal0 [0x00CE35A0+79264]&#10;	Ordinal0 [0x00CE3539+79161]&#10;	Ordinal0 [0x00E7D607+1758727]&#10;	GetHandleVerifier [0x01086546+1050150]&#10;	GetHandleVerifier [0x01086291+1049457]&#10;	GetHandleVerifier [0x010910D7+1094071]&#10;	GetHandleVerifier [0x01086B46+1051686]&#10;	Ordinal0 [0x00E75B06+1727238]&#10;	Ordinal0 [0x00E7EB7B+1764219]&#10;	Ordinal0 [0x00E7ECE3+1764579]&#10;	Ordinal0 [0x00E94C05+1854469]&#10;	BaseThreadInitThunk [0x75AF6359+25]&#10;	RtlGetAppContainerNamedObjectPath [0x77977C24+228]&#10;	RtlGetAppContainerNamedObjectPath [0x77977BF4+180]&#10;"/>
    <system-out><![CDATA[Test started !!!virefyaddEmpLibels
]]></system-out>
  </testcase>
  <testcase name="setUP" classname="com.hrms.testcases.LoginTest" time="3.743">
    <failure message="session not created: This version of ChromeDriver only supports Chrome version 83&#10;Build info: version: &apos;3.141.59&apos;, revision: &apos;e82be7d358&apos;, time: &apos;2018-11-14T08:17:03&apos;&#10;System info: host: &apos;LAPTOP-J49C07QH&apos;, ip: &apos;192.168.200.3&apos;, os.name: &apos;Windows 10&apos;, os.arch: &apos;amd64&apos;, os.version: &apos;10.0&apos;, java.version: &apos;1.8.0_241&apos;&#10;Driver info: driver.version: ChromeDriver&#10;remote stacktrace: Backtrace:&#10;	Ordinal0 [0x00F69563+2725219]&#10;	Ordinal0 [0x00E68551+1672529]&#10;	Ordinal0 [0x00D50359+525145]&#10;	Ordinal0 [0x00CE0B77+68471]&#10;	Ordinal0 [0x00CDD32C+54060]&#10;	Ordinal0 [0x00CFCC37+183351]&#10;	Ordinal0 [0x00CFCA3D+182845]&#10;	Ordinal0 [0x00CFA94B+174411]&#10;	Ordinal0 [0x00CE2528+75048]&#10;	Ordinal0 [0x00CE35A0+79264]&#10;	Ordinal0 [0x00CE3539+79161]&#10;	Ordinal0 [0x00E7D607+1758727]&#10;	GetHandleVerifier [0x01086546+1050150]&#10;	GetHandleVerifier [0x01086291+1049457]&#10;	GetHandleVerifier [0x010910D7+1094071]&#10;	GetHandleVerifier [0x01086B46+1051686]&#10;	Ordinal0 [0x00E75B06+1727238]&#10;	Ordinal0 [0x00E7EB7B+1764219]&#10;	Ordinal0 [0x00E7ECE3+1764579]&#10;	Ordinal0 [0x00E94C05+1854469]&#10;	BaseThreadInitThunk [0x75AF6359+25]&#10;	RtlGetAppContainerNamedObjectPath [0x77977C24+228]&#10;	RtlGetAppContainerNamedObjectPath [0x77977BF4+180]&#10;" type="org.openqa.selenium.SessionNotCreatedException"><![CDATA[org.openqa.selenium.SessionNotCreatedException: 
session not created: This version of ChromeDriver only supports Chrome version 83
Build info: version: '3.141.59', revision: 'e82be7d358', time: '2018-11-14T08:17:03'
System info: host: 'LAPTOP-J49C07QH', ip: '192.168.200.3', os.name: 'Windows 10', os.arch: 'amd64', os.version: '10.0', java.version: '1.8.0_241'
Driver info: driver.version: ChromeDriver
remote stacktrace: Backtrace:
	Ordinal0 [0x00F69563+2725219]
	Ordinal0 [0x00E68551+1672529]
	Ordinal0 [0x00D50359+525145]
	Ordinal0 [0x00CE0B77+68471]
	Ordinal0 [0x00CDD32C+54060]
	Ordinal0 [0x00CFCC37+183351]
	Ordinal0 [0x00CFCA3D+182845]
	Ordinal0 [0x00CFA94B+174411]
	Ordinal0 [0x00CE2528+75048]
	Ordinal0 [0x00CE35A0+79264]
	Ordinal0 [0x00CE3539+79161]
	Ordinal0 [0x00E7D607+1758727]
	GetHandleVerifier [0x01086546+1050150]
	GetHandleVerifier [0x01086291+1049457]
	GetHandleVerifier [0x010910D7+1094071]
	GetHandleVerifier [0x01086B46+1051686]
	Ordinal0 [0x00E75B06+1727238]
	Ordinal0 [0x00E7EB7B+1764219]
	Ordinal0 [0x00E7ECE3+1764579]
	Ordinal0 [0x00E94C05+1854469]
	BaseThreadInitThunk [0x75AF6359+25]
	RtlGetAppContainerNamedObjectPath [0x77977C24+228]
	RtlGetAppContainerNamedObjectPath [0x77977BF4+180]

]]></failure>
    <system-err><![CDATA[log4j:WARN No appenders could be found for logger (freemarker.cache).
log4j:WARN Please initialize the log4j system properly.
log4j:WARN See http://logging.apache.org/log4j/1.2/faq.html#noconfig for more info.
Starting ChromeDriver 83.0.4103.39 (ccbf011cb2d2b19b506d844400483861342c20cd-refs/branch-heads/4103@{#416}) on port 26512
Only local connections are allowed.
Please see https://chromedriver.chromium.org/security-considerations for suggestions on keeping ChromeDriver safe.
ChromeDriver was started successfully.
]]></system-err>
  </testcase>
  <testcase name="setUP" classname="com.hrms.testcases.LoginTest" time="1.421">
    <failure message="session not created: This version of ChromeDriver only supports Chrome version 83&#10;Build info: version: &apos;3.141.59&apos;, revision: &apos;e82be7d358&apos;, time: &apos;2018-11-14T08:17:03&apos;&#10;System info: host: &apos;LAPTOP-J49C07QH&apos;, ip: &apos;192.168.200.3&apos;, os.name: &apos;Windows 10&apos;, os.arch: &apos;amd64&apos;, os.version: &apos;10.0&apos;, java.version: &apos;1.8.0_241&apos;&#10;Driver info: driver.version: ChromeDriver&#10;remote stacktrace: Backtrace:&#10;	Ordinal0 [0x00F69563+2725219]&#10;	Ordinal0 [0x00E68551+1672529]&#10;	Ordinal0 [0x00D50359+525145]&#10;	Ordinal0 [0x00CE0B77+68471]&#10;	Ordinal0 [0x00CDD32C+54060]&#10;	Ordinal0 [0x00CFCC37+183351]&#10;	Ordinal0 [0x00CFCA3D+182845]&#10;	Ordinal0 [0x00CFA94B+174411]&#10;	Ordinal0 [0x00CE2528+75048]&#10;	Ordinal0 [0x00CE35A0+79264]&#10;	Ordinal0 [0x00CE3539+79161]&#10;	Ordinal0 [0x00E7D607+1758727]&#10;	GetHandleVerifier [0x01086546+1050150]&#10;	GetHandleVerifier [0x01086291+1049457]&#10;	GetHandleVerifier [0x010910D7+1094071]&#10;	GetHandleVerifier [0x01086B46+1051686]&#10;	Ordinal0 [0x00E75B06+1727238]&#10;	Ordinal0 [0x00E7EB7B+1764219]&#10;	Ordinal0 [0x00E7ECE3+1764579]&#10;	Ordinal0 [0x00E94C05+1854469]&#10;	BaseThreadInitThunk [0x75AF6359+25]&#10;	RtlGetAppContainerNamedObjectPath [0x77977C24+228]&#10;	RtlGetAppContainerNamedObjectPath [0x77977BF4+180]&#10;" type="org.openqa.selenium.SessionNotCreatedException"><![CDATA[org.openqa.selenium.SessionNotCreatedException: 
session not created: This version of ChromeDriver only supports Chrome version 83
Build info: version: '3.141.59', revision: 'e82be7d358', time: '2018-11-14T08:17:03'
System info: host: 'LAPTOP-J49C07QH', ip: '192.168.200.3', os.name: 'Windows 10', os.arch: 'amd64', os.version: '10.0', java.version: '1.8.0_241'
Driver info: driver.version: ChromeDriver
remote stacktrace: Backtrace:
	Ordinal0 [0x00F69563+2725219]
	Ordinal0 [0x00E68551+1672529]
	Ordinal0 [0x00D50359+525145]
	Ordinal0 [0x00CE0B77+68471]
	Ordinal0 [0x00CDD32C+54060]
	Ordinal0 [0x00CFCC37+183351]
	Ordinal0 [0x00CFCA3D+182845]
	Ordinal0 [0x00CFA94B+174411]
	Ordinal0 [0x00CE2528+75048]
	Ordinal0 [0x00CE35A0+79264]
	Ordinal0 [0x00CE3539+79161]
	Ordinal0 [0x00E7D607+1758727]
	GetHandleVerifier [0x01086546+1050150]
	GetHandleVerifier [0x01086291+1049457]
	GetHandleVerifier [0x010910D7+1094071]
	GetHandleVerifier [0x01086B46+1051686]
	Ordinal0 [0x00E75B06+1727238]
	Ordinal0 [0x00E7EB7B+1764219]
	Ordinal0 [0x00E7ECE3+1764579]
	Ordinal0 [0x00E94C05+1854469]
	BaseThreadInitThunk [0x75AF6359+25]
	RtlGetAppContainerNamedObjectPath [0x77977C24+228]
	RtlGetAppContainerNamedObjectPath [0x77977BF4+180]

]]></failure>
    <system-err><![CDATA[Starting ChromeDriver 83.0.4103.39 (ccbf011cb2d2b19b506d844400483861342c20cd-refs/branch-heads/4103@{#416}) on port 17228
Only local connections are allowed.
Please see https://chromedriver.chromium.org/security-considerations for suggestions on keeping ChromeDriver safe.
ChromeDriver was started successfully.
]]></system-err>
  </testcase>
  <testcase name="positiveLoginVirefication" classname="com.hrms.testcases.LoginTest" time="0">
    <skipped message="session not created: This version of ChromeDriver only supports Chrome version 83&#10;Build info: version: &apos;3.141.59&apos;, revision: &apos;e82be7d358&apos;, time: &apos;2018-11-14T08:17:03&apos;&#10;System info: host: &apos;LAPTOP-J49C07QH&apos;, ip: &apos;192.168.200.3&apos;, os.name: &apos;Windows 10&apos;, os.arch: &apos;amd64&apos;, os.version: &apos;10.0&apos;, java.version: &apos;1.8.0_241&apos;&#10;Driver info: driver.version: ChromeDriver&#10;remote stacktrace: Backtrace:&#10;	Ordinal0 [0x00F69563+2725219]&#10;	Ordinal0 [0x00E68551+1672529]&#10;	Ordinal0 [0x00D50359+525145]&#10;	Ordinal0 [0x00CE0B77+68471]&#10;	Ordinal0 [0x00CDD32C+54060]&#10;	Ordinal0 [0x00CFCC37+183351]&#10;	Ordinal0 [0x00CFCA3D+182845]&#10;	Ordinal0 [0x00CFA94B+174411]&#10;	Ordinal0 [0x00CE2528+75048]&#10;	Ordinal0 [0x00CE35A0+79264]&#10;	Ordinal0 [0x00CE3539+79161]&#10;	Ordinal0 [0x00E7D607+1758727]&#10;	GetHandleVerifier [0x01086546+1050150]&#10;	GetHandleVerifier [0x01086291+1049457]&#10;	GetHandleVerifier [0x010910D7+1094071]&#10;	GetHandleVerifier [0x01086B46+1051686]&#10;	Ordinal0 [0x00E75B06+1727238]&#10;	Ordinal0 [0x00E7EB7B+1764219]&#10;	Ordinal0 [0x00E7ECE3+1764579]&#10;	Ordinal0 [0x00E94C05+1854469]&#10;	BaseThreadInitThunk [0x75AF6359+25]&#10;	RtlGetAppContainerNamedObjectPath [0x77977C24+228]&#10;	RtlGetAppContainerNamedObjectPath [0x77977BF4+180]&#10;"/>
    <system-out><![CDATA[Test started !!!positiveLoginVirefication
]]></system-out>
  </testcase>
  <testcase name="positiveLoginVirefication" classname="com.hrms.testcases.LoginTest" time="0">
    <skipped message="session not created: This version of ChromeDriver only supports Chrome version 83&#10;Build info: version: &apos;3.141.59&apos;, revision: &apos;e82be7d358&apos;, time: &apos;2018-11-14T08:17:03&apos;&#10;System info: host: &apos;LAPTOP-J49C07QH&apos;, ip: &apos;192.168.200.3&apos;, os.name: &apos;Windows 10&apos;, os.arch: &apos;amd64&apos;, os.version: &apos;10.0&apos;, java.version: &apos;1.8.0_241&apos;&#10;Driver info: driver.version: ChromeDriver&#10;remote stacktrace: Backtrace:&#10;	Ordinal0 [0x00F69563+2725219]&#10;	Ordinal0 [0x00E68551+1672529]&#10;	Ordinal0 [0x00D50359+525145]&#10;	Ordinal0 [0x00CE0B77+68471]&#10;	Ordinal0 [0x00CDD32C+54060]&#10;	Ordinal0 [0x00CFCC37+183351]&#10;	Ordinal0 [0x00CFCA3D+182845]&#10;	Ordinal0 [0x00CFA94B+174411]&#10;	Ordinal0 [0x00CE2528+75048]&#10;	Ordinal0 [0x00CE35A0+79264]&#10;	Ordinal0 [0x00CE3539+79161]&#10;	Ordinal0 [0x00E7D607+1758727]&#10;	GetHandleVerifier [0x01086546+1050150]&#10;	GetHandleVerifier [0x01086291+1049457]&#10;	GetHandleVerifier [0x010910D7+1094071]&#10;	GetHandleVerifier [0x01086B46+1051686]&#10;	Ordinal0 [0x00E75B06+1727238]&#10;	Ordinal0 [0x00E7EB7B+1764219]&#10;	Ordinal0 [0x00E7ECE3+1764579]&#10;	Ordinal0 [0x00E94C05+1854469]&#10;	BaseThreadInitThunk [0x75AF6359+25]&#10;	RtlGetAppContainerNamedObjectPath [0x77977C24+228]&#10;	RtlGetAppContainerNamedObjectPath [0x77977BF4+180]&#10;"/>
    <system-out><![CDATA[Test started !!!positiveLoginVirefication
]]></system-out>
  </testcase>
</testsuite>